[Wed Dec 11 21:17:30 2013] [info] CWD: /Users/crmckay/Desktop
[Wed Dec 11 21:17:30 2013] [info] HOME: /Users/crmckay/Desktop/personal_website/script
[Wed Dec 11 21:17:30 2013] [info] Listening at "http://*:3000".
[Wed Dec 11 21:18:08 2013] [info] CWD: /Users/crmckay/Desktop/personal_website/script
[Wed Dec 11 21:18:08 2013] [info] HOME: /Users/crmckay/Desktop/personal_website/script
[Wed Dec 11 21:18:20 2013] [info] CWD: /Users/crmckay/Desktop/personal_website
[Wed Dec 11 21:18:20 2013] [info] HOME: /Users/crmckay/Desktop/personal_website/script
[Wed Dec 11 21:18:23 2013] [debug] Your secret passphrase needs to be changed!!!
[Wed Dec 11 21:18:23 2013] [debug] GET "/index".
[Wed Dec 11 21:18:23 2013] [debug] Routing to controller "PersonalWebsite::Index" and action "build_index".
[Wed Dec 11 21:18:24 2013] [debug] Rendering template "index/build_index.html.ep".
[Wed Dec 11 21:18:24 2013] [debug] Rendering template "layouts/golden.html.ep".
[Wed Dec 11 21:18:24 2013] [debug] 200 OK (0.060958s, 16.405/s).
[Wed Dec 11 21:18:24 2013] [debug] GET "/".
[Wed Dec 11 21:18:24 2013] [debug] Routing to controller "PersonalWebsite::Index" and action "build_index".
[Wed Dec 11 21:18:24 2013] [debug] Rendering cached template "index/build_index.html.ep".
[Wed Dec 11 21:18:24 2013] [debug] Rendering cached template "layouts/golden.html.ep".
[Wed Dec 11 21:18:24 2013] [debug] 200 OK (0.008828s, 113.276/s).
[Wed Dec 11 21:18:25 2013] [debug] GET "/Projects.md".
[Wed Dec 11 21:18:25 2013] [debug] Routing to controller "PersonalWebsite::Markdown" and action "parse".
[Wed Dec 11 21:18:25 2013] [debug] File: markdown//Projects.md
[Wed Dec 11 21:18:25 2013] [debug] ABS CWD: /Users/crmckay/Desktop/personal_website/markdown/Projects.md
[Wed Dec 11 21:18:25 2013] [debug] Rendering template "markdown/parse.html.ep".
[Wed Dec 11 21:18:25 2013] [debug] Rendering template "layouts/golden.html.ep".
[Wed Dec 11 21:18:25 2013] [debug] 200 OK (0.023589s, 42.393/s).
[Wed Dec 11 21:18:26 2013] [debug] GET "/Resume.md".
[Wed Dec 11 21:18:26 2013] [debug] Routing to controller "PersonalWebsite::Markdown" and action "parse".
[Wed Dec 11 21:18:26 2013] [debug] File: markdown//Resume.md
[Wed Dec 11 21:18:26 2013] [debug] ABS CWD: /Users/crmckay/Desktop/personal_website/markdown/Resume.md
[Wed Dec 11 21:18:26 2013] [debug] Rendering cached template "markdown/parse.html.ep".
[Wed Dec 11 21:18:26 2013] [debug] Rendering cached template "layouts/golden.html.ep".
[Wed Dec 11 21:18:26 2013] [debug] 200 OK (0.015685s, 63.755/s).
[Wed Dec 11 21:18:26 2013] [debug] GET "/AboutMe.md".
[Wed Dec 11 21:18:26 2013] [debug] Routing to controller "PersonalWebsite::Markdown" and action "parse".
[Wed Dec 11 21:18:26 2013] [debug] File: markdown//AboutMe.md
[Wed Dec 11 21:18:26 2013] [debug] ABS CWD: /Users/crmckay/Desktop/personal_website/markdown/AboutMe.md
[Wed Dec 11 21:18:26 2013] [debug] Rendering cached template "markdown/parse.html.ep".
[Wed Dec 11 21:18:26 2013] [debug] Rendering cached template "layouts/golden.html.ep".
[Wed Dec 11 21:18:26 2013] [debug] 200 OK (0.009183s, 108.897/s).
[Wed Dec 11 21:18:40 2013] [info] CWD: /Users/crmckay/Desktop/personal_website
[Wed Dec 11 21:18:40 2013] [info] HOME: /Users/crmckay/Desktop/personal_website/script
[Wed Dec 11 21:18:59 2013] [info] CWD: /Users/crmckay/Desktop/personal_website
[Wed Dec 11 21:18:59 2013] [info] HOME: /Users/crmckay/Desktop/personal_website/script
[Wed Dec 11 21:19:25 2013] [info] CWD: /Users/crmckay/Desktop/personal_website
[Wed Dec 11 21:19:25 2013] [info] HOME: /Users/crmckay/Desktop/personal_website/script
[Wed Dec 11 21:40:12 2013] [info] CWD: /Users/crmckay/Git/Personal-Website
[Wed Dec 11 21:40:12 2013] [info] HOME: /Users/crmckay/Git/Personal-Website/script
[Wed Dec 11 21:40:12 2013] [info] Listening at "http://*:3000".
[Wed Dec 11 21:40:40 2013] [debug] Your secret passphrase needs to be changed!!!
[Wed Dec 11 21:40:40 2013] [debug] GET "/".
[Wed Dec 11 21:40:40 2013] [debug] Routing to controller "PersonalWebsite::Index" and action "build_index".
[Wed Dec 11 21:40:40 2013] [debug] Rendering template "index/build_index.html.ep".
[Wed Dec 11 21:40:40 2013] [debug] Rendering template "layouts/golden.html.ep".
[Wed Dec 11 21:40:40 2013] [debug] 200 OK (0.063258s, 15.808/s).
[Wed Dec 11 21:46:35 2013] [info] CWD: /Users/crmckay/Git/Personal-Website
[Wed Dec 11 21:46:35 2013] [info] HOME: /Users/crmckay/Git/Personal-Website/script
[Wed Dec 11 21:46:35 2013] [info] Listening at "http://*:3000".
[Wed Dec 11 21:46:38 2013] [debug] Your secret passphrase needs to be changed!!!
[Wed Dec 11 21:46:38 2013] [debug] GET "/".
[Wed Dec 11 21:46:38 2013] [debug] Routing to controller "PersonalWebsite::Index" and action "build_index".
[Wed Dec 11 21:46:38 2013] [debug] Rendering template "index/build_index.html.ep".
[Wed Dec 11 21:46:38 2013] [debug] Rendering template "layouts/golden.html.ep".
[Wed Dec 11 21:46:38 2013] [debug] 200 OK (0.063328s, 15.791/s).
[Wed Dec 11 21:46:41 2013] [debug] GET "/ExampleMarkdown.md".
[Wed Dec 11 21:46:41 2013] [debug] Routing to controller "PersonalWebsite::Markdown" and action "parse".
[Wed Dec 11 21:46:41 2013] [debug] File: markdown//ExampleMarkdown.md
[Wed Dec 11 21:46:41 2013] [debug] ABS CWD: /Users/crmckay/Git/Personal-Website/markdown/ExampleMarkdown.md
[Wed Dec 11 21:46:41 2013] [debug] Rendering template "markdown/parse.html.ep".
[Wed Dec 11 21:46:41 2013] [debug] Rendering template "layouts/golden.html.ep".
[Wed Dec 11 21:46:41 2013] [debug] 200 OK (0.022511s, 44.423/s).
[Wed Dec 11 21:48:35 2013] [debug] GET "/ExampleMarkdown.md".
[Wed Dec 11 21:48:35 2013] [debug] Routing to controller "PersonalWebsite::Markdown" and action "parse".
[Wed Dec 11 21:48:35 2013] [debug] File: markdown//ExampleMarkdown.md
[Wed Dec 11 21:48:35 2013] [debug] ABS CWD: /Users/crmckay/Git/Personal-Website/markdown/ExampleMarkdown.md
[Wed Dec 11 21:48:35 2013] [debug] Rendering cached template "markdown/parse.html.ep".
[Wed Dec 11 21:48:35 2013] [debug] Rendering cached template "layouts/golden.html.ep".
[Wed Dec 11 21:48:35 2013] [debug] 200 OK (0.005089s, 196.502/s).
